[15-Nov-2024 08:15:25 America/Sao_Paulo] PHP Fatal error:  Uncaught ErrorException: Cannot modify header information - headers already sent by (output started at D:\xampp\htdocs\codeigniter4\erpsys\vendor\codeigniter4\framework\system\HotReloader\HotReloader.php:69) in D:\xampp\htdocs\codeigniter4\erpsys\vendor\codeigniter4\framework\system\HTTP\ResponseTrait.php:707
Stack trace:
#0 [internal function]: CodeIgniter\Debug\Exceptions->errorHandler(2, 'Cannot modify h...', 'D:\\xampp\\htdocs...', 707)
#1 D:\xampp\htdocs\codeigniter4\erpsys\vendor\codeigniter4\framework\system\HTTP\ResponseTrait.php(707): setcookie('csrf_cookie_nam...', 'fce4fd318557f1e...', Array)
#2 D:\xampp\htdocs\codeigniter4\erpsys\vendor\codeigniter4\framework\system\HTTP\ResponseTrait.php(683): CodeIgniter\HTTP\Response->doSetCookie('csrf_cookie_nam...', 'fce4fd318557f1e...', Array)
#3 D:\xampp\htdocs\codeigniter4\erpsys\vendor\codeigniter4\framework\system\HTTP\ResponseTrait.php(663): CodeIgniter\HTTP\Response->dispatchCookies()
#4 D:\xampp\htdocs\codeigniter4\erpsys\vendor\codeigniter4\framework\system\HTTP\ResponseTrait.php(374): CodeIgniter\HTTP\Response->sendCookies()
#5 D:\xampp\htdocs\codeigniter4\erpsys\vendor\codeigniter4\framework\system\Debug\ExceptionHandler.php(83): CodeIgniter\HTTP\Response->send()
#6 D:\xampp\htdocs\codeigniter4\erpsys\vendor\codeigniter4\framework\system\Debug\Exceptions.php(163): CodeIgniter\Debug\ExceptionHandler->handle(Object(ErrorException), Object(CodeIgniter\HTTP\IncomingRequest), Object(CodeIgniter\HTTP\Response), 500, 1)
#7 [internal function]: CodeIgniter\Debug\Exceptions->exceptionHandler(Object(ErrorException))
#8 {main}
  thrown in D:\xampp\htdocs\codeigniter4\erpsys\vendor\codeigniter4\framework\system\HTTP\ResponseTrait.php on line 707
[16-Nov-2024 23:37:43 America/Sao_Paulo] PHP Fatal error:  Uncaught ErrorException: Cannot modify header information - headers already sent by (output started at D:\xampp\htdocs\codeigniter4\erpsys\vendor\codeigniter4\framework\system\HotReloader\HotReloader.php:69) in D:\xampp\htdocs\codeigniter4\erpsys\vendor\codeigniter4\framework\system\HTTP\ResponseTrait.php:707
Stack trace:
#0 [internal function]: CodeIgniter\Debug\Exceptions->errorHandler(2, 'Cannot modify h...', 'D:\\xampp\\htdocs...', 707)
#1 D:\xampp\htdocs\codeigniter4\erpsys\vendor\codeigniter4\framework\system\HTTP\ResponseTrait.php(707): setcookie('csrf_cookie_nam...', 'f7324ab6d10623c...', Array)
#2 D:\xampp\htdocs\codeigniter4\erpsys\vendor\codeigniter4\framework\system\HTTP\ResponseTrait.php(683): CodeIgniter\HTTP\Response->doSetCookie('csrf_cookie_nam...', 'f7324ab6d10623c...', Array)
#3 D:\xampp\htdocs\codeigniter4\erpsys\vendor\codeigniter4\framework\system\HTTP\ResponseTrait.php(663): CodeIgniter\HTTP\Response->dispatchCookies()
#4 D:\xampp\htdocs\codeigniter4\erpsys\vendor\codeigniter4\framework\system\HTTP\ResponseTrait.php(374): CodeIgniter\HTTP\Response->sendCookies()
#5 D:\xampp\htdocs\codeigniter4\erpsys\vendor\codeigniter4\framework\system\Debug\ExceptionHandler.php(83): CodeIgniter\HTTP\Response->send()
#6 D:\xampp\htdocs\codeigniter4\erpsys\vendor\codeigniter4\framework\system\Debug\Exceptions.php(163): CodeIgniter\Debug\ExceptionHandler->handle(Object(ErrorException), Object(CodeIgniter\HTTP\IncomingRequest), Object(CodeIgniter\HTTP\Response), 500, 1)
#7 [internal function]: CodeIgniter\Debug\Exceptions->exceptionHandler(Object(ErrorException))
#8 {main}
  thrown in D:\xampp\htdocs\codeigniter4\erpsys\vendor\codeigniter4\framework\system\HTTP\ResponseTrait.php on line 707
[21-Nov-2024 22:15:46 America/Sao_Paulo] PHP Fatal error:  Cannot declare class App\Controllers\Transportadoraes, because the name is already in use in D:\xampp\htdocs\codeigniter4\erpsys\app\Controllers\Transportadoras.php on line 9
